Symlinking /home/qrq/Documents/Shenlan_PnC/carla_ros_bridge_ros1/devel/include/carla_waypoint_types/GetWaypoint.h
Symlinking /home/qrq/Documents/Shenlan_PnC/carla_ros_bridge_ros1/devel/include/carla_waypoint_types/GetActorWaypoint.h
Symlinking /home/qrq/Documents/Shenlan_PnC/carla_ros_bridge_ros1/devel/include/carla_waypoint_types/GetActorWaypointResponse.h
Symlinking /home/qrq/Documents/Shenlan_PnC/carla_ros_bridge_ros1/devel/include/carla_waypoint_types/GetActorWaypointRequest.h
Symlinking /home/qrq/Documents/Shenlan_PnC/carla_ros_bridge_ros1/devel/include/carla_waypoint_types/CarlaWaypoint.h
Symlinking /home/qrq/Documents/Shenlan_PnC/carla_ros_bridge_ros1/devel/include/carla_waypoint_types/GetWaypointRequest.h
Symlinking /home/qrq/Documents/Shenlan_PnC/carla_ros_bridge_ros1/devel/include/carla_waypoint_types/GetWaypointResponse.h
Symlinking /home/qrq/Documents/Shenlan_PnC/carla_ros_bridge_ros1/devel/share/common-lisp/ros/carla_waypoint_types/srv/GetWaypoint.lisp
Symlinking /home/qrq/Documents/Shenlan_PnC/carla_ros_bridge_ros1/devel/share/common-lisp/ros/carla_waypoint_types/srv/_package_GetActorWaypoint.lisp
Symlinking /home/qrq/Documents/Shenlan_PnC/carla_ros_bridge_ros1/devel/share/common-lisp/ros/carla_waypoint_types/srv/GetActorWaypoint.lisp
Symlinking /home/qrq/Documents/Shenlan_PnC/carla_ros_bridge_ros1/devel/share/common-lisp/ros/carla_waypoint_types/srv/_package_GetWaypoint.lisp
Symlinking /home/qrq/Documents/Shenlan_PnC/carla_ros_bridge_ros1/devel/share/common-lisp/ros/carla_waypoint_types/srv/carla_waypoint_types-srv.asd
Symlinking /home/qrq/Documents/Shenlan_PnC/carla_ros_bridge_ros1/devel/share/common-lisp/ros/carla_waypoint_types/srv/_package.lisp
Symlinking /home/qrq/Documents/Shenlan_PnC/carla_ros_bridge_ros1/devel/share/common-lisp/ros/carla_waypoint_types/msg/CarlaWaypoint.lisp
Symlinking /home/qrq/Documents/Shenlan_PnC/carla_ros_bridge_ros1/devel/share/common-lisp/ros/carla_waypoint_types/msg/_package_CarlaWaypoint.lisp
Symlinking /home/qrq/Documents/Shenlan_PnC/carla_ros_bridge_ros1/devel/share/common-lisp/ros/carla_waypoint_types/msg/carla_waypoint_types-msg.asd
Symlinking /home/qrq/Documents/Shenlan_PnC/carla_ros_bridge_ros1/devel/share/common-lisp/ros/carla_waypoint_types/msg/_package.lisp
Symlinking /home/qrq/Documents/Shenlan_PnC/carla_ros_bridge_ros1/devel/share/gennodejs/ros/carla_waypoint_types/_index.js
Symlinking /home/qrq/Documents/Shenlan_PnC/carla_ros_bridge_ros1/devel/share/gennodejs/ros/carla_waypoint_types/srv/_index.js
Symlinking /home/qrq/Documents/Shenlan_PnC/carla_ros_bridge_ros1/devel/share/gennodejs/ros/carla_waypoint_types/srv/GetActorWaypoint.js
Symlinking /home/qrq/Documents/Shenlan_PnC/carla_ros_bridge_ros1/devel/share/gennodejs/ros/carla_waypoint_types/srv/GetWaypoint.js
Symlinking /home/qrq/Documents/Shenlan_PnC/carla_ros_bridge_ros1/devel/share/gennodejs/ros/carla_waypoint_types/msg/_index.js
Symlinking /home/qrq/Documents/Shenlan_PnC/carla_ros_bridge_ros1/devel/share/gennodejs/ros/carla_waypoint_types/msg/CarlaWaypoint.js
Symlinking /home/qrq/Documents/Shenlan_PnC/carla_ros_bridge_ros1/devel/share/roseus/ros/carla_waypoint_types/manifest.l
Symlinking /home/qrq/Documents/Shenlan_PnC/carla_ros_bridge_ros1/devel/share/roseus/ros/carla_waypoint_types/srv/GetWaypoint.l
Symlinking /home/qrq/Documents/Shenlan_PnC/carla_ros_bridge_ros1/devel/share/roseus/ros/carla_waypoint_types/srv/GetActorWaypoint.l
Symlinking /home/qrq/Documents/Shenlan_PnC/carla_ros_bridge_ros1/devel/share/roseus/ros/carla_waypoint_types/msg/CarlaWaypoint.l
Symlinking /home/qrq/Documents/Shenlan_PnC/carla_ros_bridge_ros1/devel/share/carla_waypoint_types/cmake/carla_waypoint_types-msg-extras.cmake
Symlinking /home/qrq/Documents/Shenlan_PnC/carla_ros_bridge_ros1/devel/share/carla_waypoint_types/cmake/carla_waypoint_types-msg-paths.cmake
Symlinking /home/qrq/Documents/Shenlan_PnC/carla_ros_bridge_ros1/devel/share/carla_waypoint_types/cmake/carla_waypoint_typesConfig.cmake
Symlinking /home/qrq/Documents/Shenlan_PnC/carla_ros_bridge_ros1/devel/share/carla_waypoint_types/cmake/carla_waypoint_typesConfig-version.cmake
Symlinking /home/qrq/Documents/Shenlan_PnC/carla_ros_bridge_ros1/devel/lib/python3/dist-packages/carla_waypoint_types/__init__.py
Symlinking /home/qrq/Documents/Shenlan_PnC/carla_ros_bridge_ros1/devel/lib/python3/dist-packages/carla_waypoint_types/srv/__init__.py
Symlinking /home/qrq/Documents/Shenlan_PnC/carla_ros_bridge_ros1/devel/lib/python3/dist-packages/carla_waypoint_types/srv/_GetActorWaypoint.py
Symlinking /home/qrq/Documents/Shenlan_PnC/carla_ros_bridge_ros1/devel/lib/python3/dist-packages/carla_waypoint_types/srv/_GetWaypoint.py
Symlinking /home/qrq/Documents/Shenlan_PnC/carla_ros_bridge_ros1/devel/lib/python3/dist-packages/carla_waypoint_types/msg/__init__.py
Symlinking /home/qrq/Documents/Shenlan_PnC/carla_ros_bridge_ros1/devel/lib/python3/dist-packages/carla_waypoint_types/msg/_CarlaWaypoint.py
Symlinking /home/qrq/Documents/Shenlan_PnC/carla_ros_bridge_ros1/devel/lib/pkgconfig/carla_waypoint_types.pc
