Linked: (/home/qrq/Documents/Shenlan_PnC/carla_ros_bridge_ros1/devel/.private/carla_ackermann_msgs/include/carla_ackermann_msgs/EgoVehicleControlCurrent.h, /home/qrq/Documents/Shenlan_PnC/carla_ros_bridge_ros1/devel/include/carla_ackermann_msgs/EgoVehicleControlCurrent.h)
Linked: (/home/qrq/Documents/Shenlan_PnC/carla_ros_bridge_ros1/devel/.private/carla_ackermann_msgs/include/carla_ackermann_msgs/EgoVehicleControlStatus.h, /home/qrq/Documents/Shenlan_PnC/carla_ros_bridge_ros1/devel/include/carla_ackermann_msgs/EgoVehicleControlStatus.h)
Linked: (/home/qrq/Documents/Shenlan_PnC/carla_ros_bridge_ros1/devel/.private/carla_ackermann_msgs/include/carla_ackermann_msgs/EgoVehicleControlTarget.h, /home/qrq/Documents/Shenlan_PnC/carla_ros_bridge_ros1/devel/include/carla_ackermann_msgs/EgoVehicleControlTarget.h)
Linked: (/home/qrq/Documents/Shenlan_PnC/carla_ros_bridge_ros1/devel/.private/carla_ackermann_msgs/include/carla_ackermann_msgs/EgoVehicleControlInfo.h, /home/qrq/Documents/Shenlan_PnC/carla_ros_bridge_ros1/devel/include/carla_ackermann_msgs/EgoVehicleControlInfo.h)
Linked: (/home/qrq/Documents/Shenlan_PnC/carla_ros_bridge_ros1/devel/.private/carla_ackermann_msgs/include/carla_ackermann_msgs/EgoVehicleControlMaxima.h, /home/qrq/Documents/Shenlan_PnC/carla_ros_bridge_ros1/devel/include/carla_ackermann_msgs/EgoVehicleControlMaxima.h)
Linked: (/home/qrq/Documents/Shenlan_PnC/carla_ros_bridge_ros1/devel/.private/carla_ackermann_msgs/share/common-lisp/ros/carla_ackermann_msgs/msg/_package_EgoVehicleControlMaxima.lisp, /home/qrq/Documents/Shenlan_PnC/carla_ros_bridge_ros1/devel/share/common-lisp/ros/carla_ackermann_msgs/msg/_package_EgoVehicleControlMaxima.lisp)
Linked: (/home/qrq/Documents/Shenlan_PnC/carla_ros_bridge_ros1/devel/.private/carla_ackermann_msgs/share/common-lisp/ros/carla_ackermann_msgs/msg/_package_EgoVehicleControlInfo.lisp, /home/qrq/Documents/Shenlan_PnC/carla_ros_bridge_ros1/devel/share/common-lisp/ros/carla_ackermann_msgs/msg/_package_EgoVehicleControlInfo.lisp)
Linked: (/home/qrq/Documents/Shenlan_PnC/carla_ros_bridge_ros1/devel/.private/carla_ackermann_msgs/share/common-lisp/ros/carla_ackermann_msgs/msg/carla_ackermann_msgs-msg.asd, /home/qrq/Documents/Shenlan_PnC/carla_ros_bridge_ros1/devel/share/common-lisp/ros/carla_ackermann_msgs/msg/carla_ackermann_msgs-msg.asd)
Linked: (/home/qrq/Documents/Shenlan_PnC/carla_ros_bridge_ros1/devel/.private/carla_ackermann_msgs/share/common-lisp/ros/carla_ackermann_msgs/msg/EgoVehicleControlStatus.lisp, /home/qrq/Documents/Shenlan_PnC/carla_ros_bridge_ros1/devel/share/common-lisp/ros/carla_ackermann_msgs/msg/EgoVehicleControlStatus.lisp)
Linked: (/home/qrq/Documents/Shenlan_PnC/carla_ros_bridge_ros1/devel/.private/carla_ackermann_msgs/share/common-lisp/ros/carla_ackermann_msgs/msg/EgoVehicleControlMaxima.lisp, /home/qrq/Documents/Shenlan_PnC/carla_ros_bridge_ros1/devel/share/common-lisp/ros/carla_ackermann_msgs/msg/EgoVehicleControlMaxima.lisp)
Linked: (/home/qrq/Documents/Shenlan_PnC/carla_ros_bridge_ros1/devel/.private/carla_ackermann_msgs/share/common-lisp/ros/carla_ackermann_msgs/msg/EgoVehicleControlInfo.lisp, /home/qrq/Documents/Shenlan_PnC/carla_ros_bridge_ros1/devel/share/common-lisp/ros/carla_ackermann_msgs/msg/EgoVehicleControlInfo.lisp)
Linked: (/home/qrq/Documents/Shenlan_PnC/carla_ros_bridge_ros1/devel/.private/carla_ackermann_msgs/share/common-lisp/ros/carla_ackermann_msgs/msg/EgoVehicleControlCurrent.lisp, /home/qrq/Documents/Shenlan_PnC/carla_ros_bridge_ros1/devel/share/common-lisp/ros/carla_ackermann_msgs/msg/EgoVehicleControlCurrent.lisp)
Linked: (/home/qrq/Documents/Shenlan_PnC/carla_ros_bridge_ros1/devel/.private/carla_ackermann_msgs/share/common-lisp/ros/carla_ackermann_msgs/msg/_package_EgoVehicleControlTarget.lisp, /home/qrq/Documents/Shenlan_PnC/carla_ros_bridge_ros1/devel/share/common-lisp/ros/carla_ackermann_msgs/msg/_package_EgoVehicleControlTarget.lisp)
Linked: (/home/qrq/Documents/Shenlan_PnC/carla_ros_bridge_ros1/devel/.private/carla_ackermann_msgs/share/common-lisp/ros/carla_ackermann_msgs/msg/EgoVehicleControlTarget.lisp, /home/qrq/Documents/Shenlan_PnC/carla_ros_bridge_ros1/devel/share/common-lisp/ros/carla_ackermann_msgs/msg/EgoVehicleControlTarget.lisp)
Linked: (/home/qrq/Documents/Shenlan_PnC/carla_ros_bridge_ros1/devel/.private/carla_ackermann_msgs/share/common-lisp/ros/carla_ackermann_msgs/msg/_package_EgoVehicleControlStatus.lisp, /home/qrq/Documents/Shenlan_PnC/carla_ros_bridge_ros1/devel/share/common-lisp/ros/carla_ackermann_msgs/msg/_package_EgoVehicleControlStatus.lisp)
Linked: (/home/qrq/Documents/Shenlan_PnC/carla_ros_bridge_ros1/devel/.private/carla_ackermann_msgs/share/common-lisp/ros/carla_ackermann_msgs/msg/_package_EgoVehicleControlCurrent.lisp, /home/qrq/Documents/Shenlan_PnC/carla_ros_bridge_ros1/devel/share/common-lisp/ros/carla_ackermann_msgs/msg/_package_EgoVehicleControlCurrent.lisp)
Linked: (/home/qrq/Documents/Shenlan_PnC/carla_ros_bridge_ros1/devel/.private/carla_ackermann_msgs/share/common-lisp/ros/carla_ackermann_msgs/msg/_package.lisp, /home/qrq/Documents/Shenlan_PnC/carla_ros_bridge_ros1/devel/share/common-lisp/ros/carla_ackermann_msgs/msg/_package.lisp)
Linked: (/home/qrq/Documents/Shenlan_PnC/carla_ros_bridge_ros1/devel/.private/carla_ackermann_msgs/share/gennodejs/ros/carla_ackermann_msgs/_index.js, /home/qrq/Documents/Shenlan_PnC/carla_ros_bridge_ros1/devel/share/gennodejs/ros/carla_ackermann_msgs/_index.js)
Linked: (/home/qrq/Documents/Shenlan_PnC/carla_ros_bridge_ros1/devel/.private/carla_ackermann_msgs/share/gennodejs/ros/carla_ackermann_msgs/msg/_index.js, /home/qrq/Documents/Shenlan_PnC/carla_ros_bridge_ros1/devel/share/gennodejs/ros/carla_ackermann_msgs/msg/_index.js)
Linked: (/home/qrq/Documents/Shenlan_PnC/carla_ros_bridge_ros1/devel/.private/carla_ackermann_msgs/share/gennodejs/ros/carla_ackermann_msgs/msg/EgoVehicleControlTarget.js, /home/qrq/Documents/Shenlan_PnC/carla_ros_bridge_ros1/devel/share/gennodejs/ros/carla_ackermann_msgs/msg/EgoVehicleControlTarget.js)
Linked: (/home/qrq/Documents/Shenlan_PnC/carla_ros_bridge_ros1/devel/.private/carla_ackermann_msgs/share/gennodejs/ros/carla_ackermann_msgs/msg/EgoVehicleControlStatus.js, /home/qrq/Documents/Shenlan_PnC/carla_ros_bridge_ros1/devel/share/gennodejs/ros/carla_ackermann_msgs/msg/EgoVehicleControlStatus.js)
Linked: (/home/qrq/Documents/Shenlan_PnC/carla_ros_bridge_ros1/devel/.private/carla_ackermann_msgs/share/gennodejs/ros/carla_ackermann_msgs/msg/EgoVehicleControlCurrent.js, /home/qrq/Documents/Shenlan_PnC/carla_ros_bridge_ros1/devel/share/gennodejs/ros/carla_ackermann_msgs/msg/EgoVehicleControlCurrent.js)
Linked: (/home/qrq/Documents/Shenlan_PnC/carla_ros_bridge_ros1/devel/.private/carla_ackermann_msgs/share/gennodejs/ros/carla_ackermann_msgs/msg/EgoVehicleControlInfo.js, /home/qrq/Documents/Shenlan_PnC/carla_ros_bridge_ros1/devel/share/gennodejs/ros/carla_ackermann_msgs/msg/EgoVehicleControlInfo.js)
Linked: (/home/qrq/Documents/Shenlan_PnC/carla_ros_bridge_ros1/devel/.private/carla_ackermann_msgs/share/gennodejs/ros/carla_ackermann_msgs/msg/EgoVehicleControlMaxima.js, /home/qrq/Documents/Shenlan_PnC/carla_ros_bridge_ros1/devel/share/gennodejs/ros/carla_ackermann_msgs/msg/EgoVehicleControlMaxima.js)
Linked: (/home/qrq/Documents/Shenlan_PnC/carla_ros_bridge_ros1/devel/.private/carla_ackermann_msgs/share/roseus/ros/carla_ackermann_msgs/manifest.l, /home/qrq/Documents/Shenlan_PnC/carla_ros_bridge_ros1/devel/share/roseus/ros/carla_ackermann_msgs/manifest.l)
Linked: (/home/qrq/Documents/Shenlan_PnC/carla_ros_bridge_ros1/devel/.private/carla_ackermann_msgs/share/roseus/ros/carla_ackermann_msgs/msg/EgoVehicleControlCurrent.l, /home/qrq/Documents/Shenlan_PnC/carla_ros_bridge_ros1/devel/share/roseus/ros/carla_ackermann_msgs/msg/EgoVehicleControlCurrent.l)
Linked: (/home/qrq/Documents/Shenlan_PnC/carla_ros_bridge_ros1/devel/.private/carla_ackermann_msgs/share/roseus/ros/carla_ackermann_msgs/msg/EgoVehicleControlMaxima.l, /home/qrq/Documents/Shenlan_PnC/carla_ros_bridge_ros1/devel/share/roseus/ros/carla_ackermann_msgs/msg/EgoVehicleControlMaxima.l)
Linked: (/home/qrq/Documents/Shenlan_PnC/carla_ros_bridge_ros1/devel/.private/carla_ackermann_msgs/share/roseus/ros/carla_ackermann_msgs/msg/EgoVehicleControlStatus.l, /home/qrq/Documents/Shenlan_PnC/carla_ros_bridge_ros1/devel/share/roseus/ros/carla_ackermann_msgs/msg/EgoVehicleControlStatus.l)
Linked: (/home/qrq/Documents/Shenlan_PnC/carla_ros_bridge_ros1/devel/.private/carla_ackermann_msgs/share/roseus/ros/carla_ackermann_msgs/msg/EgoVehicleControlTarget.l, /home/qrq/Documents/Shenlan_PnC/carla_ros_bridge_ros1/devel/share/roseus/ros/carla_ackermann_msgs/msg/EgoVehicleControlTarget.l)
Linked: (/home/qrq/Documents/Shenlan_PnC/carla_ros_bridge_ros1/devel/.private/carla_ackermann_msgs/share/roseus/ros/carla_ackermann_msgs/msg/EgoVehicleControlInfo.l, /home/qrq/Documents/Shenlan_PnC/carla_ros_bridge_ros1/devel/share/roseus/ros/carla_ackermann_msgs/msg/EgoVehicleControlInfo.l)
Linked: (/home/qrq/Documents/Shenlan_PnC/carla_ros_bridge_ros1/devel/.private/carla_ackermann_msgs/share/carla_ackermann_msgs/cmake/carla_ackermann_msgsConfig-version.cmake, /home/qrq/Documents/Shenlan_PnC/carla_ros_bridge_ros1/devel/share/carla_ackermann_msgs/cmake/carla_ackermann_msgsConfig-version.cmake)
Linked: (/home/qrq/Documents/Shenlan_PnC/carla_ros_bridge_ros1/devel/.private/carla_ackermann_msgs/share/carla_ackermann_msgs/cmake/carla_ackermann_msgs-msg-paths.cmake, /home/qrq/Documents/Shenlan_PnC/carla_ros_bridge_ros1/devel/share/carla_ackermann_msgs/cmake/carla_ackermann_msgs-msg-paths.cmake)
Linked: (/home/qrq/Documents/Shenlan_PnC/carla_ros_bridge_ros1/devel/.private/carla_ackermann_msgs/share/carla_ackermann_msgs/cmake/carla_ackermann_msgs-msg-extras.cmake, /home/qrq/Documents/Shenlan_PnC/carla_ros_bridge_ros1/devel/share/carla_ackermann_msgs/cmake/carla_ackermann_msgs-msg-extras.cmake)
Linked: (/home/qrq/Documents/Shenlan_PnC/carla_ros_bridge_ros1/devel/.private/carla_ackermann_msgs/share/carla_ackermann_msgs/cmake/carla_ackermann_msgsConfig.cmake, /home/qrq/Documents/Shenlan_PnC/carla_ros_bridge_ros1/devel/share/carla_ackermann_msgs/cmake/carla_ackermann_msgsConfig.cmake)
Linked: (/home/qrq/Documents/Shenlan_PnC/carla_ros_bridge_ros1/devel/.private/carla_ackermann_msgs/lib/python3/dist-packages/carla_ackermann_msgs/__init__.py, /home/qrq/Documents/Shenlan_PnC/carla_ros_bridge_ros1/devel/lib/python3/dist-packages/carla_ackermann_msgs/__init__.py)
Linked: (/home/qrq/Documents/Shenlan_PnC/carla_ros_bridge_ros1/devel/.private/carla_ackermann_msgs/lib/python3/dist-packages/carla_ackermann_msgs/msg/__init__.py, /home/qrq/Documents/Shenlan_PnC/carla_ros_bridge_ros1/devel/lib/python3/dist-packages/carla_ackermann_msgs/msg/__init__.py)
Linked: (/home/qrq/Documents/Shenlan_PnC/carla_ros_bridge_ros1/devel/.private/carla_ackermann_msgs/lib/python3/dist-packages/carla_ackermann_msgs/msg/_EgoVehicleControlMaxima.py, /home/qrq/Documents/Shenlan_PnC/carla_ros_bridge_ros1/devel/lib/python3/dist-packages/carla_ackermann_msgs/msg/_EgoVehicleControlMaxima.py)
Linked: (/home/qrq/Documents/Shenlan_PnC/carla_ros_bridge_ros1/devel/.private/carla_ackermann_msgs/lib/python3/dist-packages/carla_ackermann_msgs/msg/_EgoVehicleControlTarget.py, /home/qrq/Documents/Shenlan_PnC/carla_ros_bridge_ros1/devel/lib/python3/dist-packages/carla_ackermann_msgs/msg/_EgoVehicleControlTarget.py)
Linked: (/home/qrq/Documents/Shenlan_PnC/carla_ros_bridge_ros1/devel/.private/carla_ackermann_msgs/lib/python3/dist-packages/carla_ackermann_msgs/msg/_EgoVehicleControlStatus.py, /home/qrq/Documents/Shenlan_PnC/carla_ros_bridge_ros1/devel/lib/python3/dist-packages/carla_ackermann_msgs/msg/_EgoVehicleControlStatus.py)
Linked: (/home/qrq/Documents/Shenlan_PnC/carla_ros_bridge_ros1/devel/.private/carla_ackermann_msgs/lib/python3/dist-packages/carla_ackermann_msgs/msg/_EgoVehicleControlCurrent.py, /home/qrq/Documents/Shenlan_PnC/carla_ros_bridge_ros1/devel/lib/python3/dist-packages/carla_ackermann_msgs/msg/_EgoVehicleControlCurrent.py)
Linked: (/home/qrq/Documents/Shenlan_PnC/carla_ros_bridge_ros1/devel/.private/carla_ackermann_msgs/lib/python3/dist-packages/carla_ackermann_msgs/msg/_EgoVehicleControlInfo.py, /home/qrq/Documents/Shenlan_PnC/carla_ros_bridge_ros1/devel/lib/python3/dist-packages/carla_ackermann_msgs/msg/_EgoVehicleControlInfo.py)
Linked: (/home/qrq/Documents/Shenlan_PnC/carla_ros_bridge_ros1/devel/.private/carla_ackermann_msgs/lib/pkgconfig/carla_ackermann_msgs.pc, /home/qrq/Documents/Shenlan_PnC/carla_ros_bridge_ros1/devel/lib/pkgconfig/carla_ackermann_msgs.pc)
