[35m[1mScanning dependencies of target _carla_ackermann_msgs_generate_messages_check_deps_EgoVehicleControlStatus[0m
[35m[1mScanning dependencies of target _carla_ackermann_msgs_generate_messages_check_deps_EgoVehicleControlTarget[0m
[  0%] Built target _carla_ackermann_msgs_generate_messages_check_deps_EgoVehicleControlStatus
[  0%] Built target _carla_ackermann_msgs_generate_messages_check_deps_EgoVehicleControlTarget
[35m[1mScanning dependencies of target _carla_ackermann_msgs_generate_messages_check_deps_EgoVehicleControlMaxima[0m
[  0%] Built target _carla_ackermann_msgs_generate_messages_check_deps_EgoVehicleControlMaxima
[35m[1mScanning dependencies of target std_msgs_generate_messages_py[0m
[  0%] Built target std_msgs_generate_messages_py
[35m[1mScanning dependencies of target carla_msgs_generate_messages_py[0m
[  0%] Built target carla_msgs_generate_messages_py
[35m[1mScanning dependencies of target _carla_ackermann_msgs_generate_messages_check_deps_EgoVehicleControlInfo[0m
[  0%] Built target _carla_ackermann_msgs_generate_messages_check_deps_EgoVehicleControlInfo
[35m[1mScanning dependencies of target _carla_ackermann_msgs_generate_messages_check_deps_EgoVehicleControlCurrent[0m
[  0%] Built target _carla_ackermann_msgs_generate_messages_check_deps_EgoVehicleControlCurrent
[35m[1mScanning dependencies of target std_msgs_generate_messages_nodejs[0m
[35m[1mScanning dependencies of target carla_msgs_generate_messages_nodejs[0m
[  0%] Built target std_msgs_generate_messages_nodejs
[  0%] Built target carla_msgs_generate_messages_nodejs
[35m[1mScanning dependencies of target carla_msgs_generate_messages_lisp[0m
[  0%] Built target carla_msgs_generate_messages_lisp
[35m[1mScanning dependencies of target std_msgs_generate_messages_lisp[0m
[  0%] Built target std_msgs_generate_messages_lisp
[35m[1mScanning dependencies of target std_msgs_generate_messages_cpp[0m
[  0%] Built target std_msgs_generate_messages_cpp
[35m[1mScanning dependencies of target std_msgs_generate_messages_eus[0m
[35m[1mScanning dependencies of target carla_msgs_generate_messages_cpp[0m
[35m[1mScanning dependencies of target carla_msgs_generate_messages_eus[0m
[  0%] Built target carla_msgs_generate_messages_cpp
[  0%] Built target carla_msgs_generate_messages_eus
[  0%] Built target std_msgs_generate_messages_eus
[35m[1mScanning dependencies of target carla_ackermann_msgs_generate_messages_nodejs[0m
[35m[1mScanning dependencies of target carla_ackermann_msgs_generate_messages_py[0m
[  3%] [34m[1mGenerating Python from MSG carla_ackermann_msgs/EgoVehicleControlInfo[0m
[35m[1mScanning dependencies of target carla_ackermann_msgs_generate_messages_lisp[0m
[  7%] [34m[1mGenerating Python from MSG carla_ackermann_msgs/EgoVehicleControlCurrent[0m
[ 11%] [34m[1mGenerating Javascript code from carla_ackermann_msgs/EgoVehicleControlInfo.msg[0m
[ 18%] [34m[1mGenerating Lisp code from carla_ackermann_msgs/EgoVehicleControlInfo.msg[0m
[ 18%] [34m[1mGenerating Javascript code from carla_ackermann_msgs/EgoVehicleControlCurrent.msg[0m
[ 22%] [34m[1mGenerating Lisp code from carla_ackermann_msgs/EgoVehicleControlCurrent.msg[0m
[ 25%] [34m[1mGenerating Python from MSG carla_ackermann_msgs/EgoVehicleControlMaxima[0m
[ 29%] [34m[1mGenerating Lisp code from carla_ackermann_msgs/EgoVehicleControlMaxima.msg[0m
[ 33%] [34m[1mGenerating Javascript code from carla_ackermann_msgs/EgoVehicleControlMaxima.msg[0m
[ 37%] [34m[1mGenerating Javascript code from carla_ackermann_msgs/EgoVehicleControlStatus.msg[0m
[ 40%] [34m[1mGenerating Lisp code from carla_ackermann_msgs/EgoVehicleControlStatus.msg[0m
[ 44%] [34m[1mGenerating Lisp code from carla_ackermann_msgs/EgoVehicleControlTarget.msg[0m
[ 48%] [34m[1mGenerating Javascript code from carla_ackermann_msgs/EgoVehicleControlTarget.msg[0m
[ 51%] [34m[1mGenerating Python from MSG carla_ackermann_msgs/EgoVehicleControlStatus[0m
[35m[1mScanning dependencies of target carla_ackermann_msgs_generate_messages_cpp[0m
[ 51%] Built target carla_ackermann_msgs_generate_messages_nodejs
[ 55%] [34m[1mGenerating Python from MSG carla_ackermann_msgs/EgoVehicleControlTarget[0m
[ 55%] Built target carla_ackermann_msgs_generate_messages_lisp
[ 59%] [34m[1mGenerating C++ code from carla_ackermann_msgs/EgoVehicleControlInfo.msg[0m
[35m[1mScanning dependencies of target carla_ackermann_msgs_generate_messages_eus[0m
[ 62%] [34m[1mGenerating EusLisp code from carla_ackermann_msgs/EgoVehicleControlInfo.msg[0m
[ 66%] [34m[1mGenerating C++ code from carla_ackermann_msgs/EgoVehicleControlCurrent.msg[0m
[ 70%] [34m[1mGenerating EusLisp code from carla_ackermann_msgs/EgoVehicleControlCurrent.msg[0m
[ 74%] [34m[1mGenerating EusLisp code from carla_ackermann_msgs/EgoVehicleControlMaxima.msg[0m
[ 77%] [34m[1mGenerating EusLisp code from carla_ackermann_msgs/EgoVehicleControlStatus.msg[0m
[ 81%] [34m[1mGenerating C++ code from carla_ackermann_msgs/EgoVehicleControlMaxima.msg[0m
[ 85%] [34m[1mGenerating C++ code from carla_ackermann_msgs/EgoVehicleControlStatus.msg[0m
[ 88%] [34m[1mGenerating C++ code from carla_ackermann_msgs/EgoVehicleControlTarget.msg[0m
[ 92%] [34m[1mGenerating Python msg __init__.py for carla_ackermann_msgs[0m
[ 96%] [34m[1mGenerating EusLisp code from carla_ackermann_msgs/EgoVehicleControlTarget.msg[0m
[100%] [34m[1mGenerating EusLisp manifest code for carla_ackermann_msgs[0m
[100%] Built target carla_ackermann_msgs_generate_messages_cpp
[100%] Built target carla_ackermann_msgs_generate_messages_py
[100%] Built target carla_ackermann_msgs_generate_messages_eus
[35m[1mScanning dependencies of target carla_ackermann_msgs_generate_messages[0m
[100%] Built target carla_ackermann_msgs_generate_messages
