[  0%] Built target carla_msgs_generate_messages_py
[  0%] Built target std_msgs_generate_messages_py
[  0%] Built target _carla_ackermann_msgs_generate_messages_check_deps_EgoVehicleControlStatus
[  0%] Built target _carla_ackermann_msgs_generate_messages_check_deps_EgoVehicleControlTarget
[  0%] Built target _carla_ackermann_msgs_generate_messages_check_deps_EgoVehicleControlMaxima
[  0%] Built target _carla_ackermann_msgs_generate_messages_check_deps_EgoVehicleControlInfo
[  0%] Built target std_msgs_generate_messages_nodejs
[  0%] Built target carla_msgs_generate_messages_lisp
[  0%] Built target carla_msgs_generate_messages_nodejs
[  0%] Built target _carla_ackermann_msgs_generate_messages_check_deps_EgoVehicleControlCurrent
[  0%] Built target std_msgs_generate_messages_lisp
[  0%] Built target carla_msgs_generate_messages_cpp
[  0%] Built target std_msgs_generate_messages_cpp
[  0%] Built target std_msgs_generate_messages_eus
[  0%] Built target carla_msgs_generate_messages_eus
[ 18%] Built target carla_ackermann_msgs_generate_messages_nodejs
[ 37%] Built target carla_ackermann_msgs_generate_messages_lisp
[ 74%] Built target carla_ackermann_msgs_generate_messages_cpp
[ 77%] Built target carla_ackermann_msgs_generate_messages_py
[100%] Built target carla_ackermann_msgs_generate_messages_eus
[100%] Built target carla_ackermann_msgs_generate_messages
